<?xml version="1.0" encoding="UTF-8"?>
<!-- Generated by org.testng.reporters.JUnitReportReporter -->
<testsuite skipped="0" hostname="pooja" name="com.mavenjenkins.MavenjenkinsProg" tests="4" failures="0" timestamp="06 Jan 2019 07:48:32 GMT" time="70.756" errors="0">
  <testcase name="GoogletitleTest" time="8.602" classname="com.mavenjenkins.MavenjenkinsProg"/>
  <testcase name="GoogleLogoTest" time="31.948" classname="com.mavenjenkins.MavenjenkinsProg"/>
  <testcase name="Test2" time="13.195" classname="com.mavenjenkins.MavenjenkinsProg"/>
  <testcase name="Test3" time="17.011" classname="com.mavenjenkins.MavenjenkinsProg"/>
</testsuite> <!-- com.mavenjenkins.MavenjenkinsProg -->
